<?xml version="1.0" encoding="UTF-8"?>
<!-- Generated by org.testng.reporters.JUnitXMLReporter -->
<testsuite ignored="0" hostname="DESKTOP-V4U71TT" failures="0" tests="10" name="Surefire test" time="143.421" errors="0" timestamp="2023-07-24T18:34:41 IST">
  <testcase classname="com.tutorialsninja.testcases.loginDDTest" name="verify_login_with_invalid_credentials" time="1.624"/>
  <testcase classname="com.tutorialsninja.testcases.loginDDTest" name="verify_login_with_invalid_credentials" time="0.983"/>
  <testcase classname="com.tutorialsninja.testcases.loginDDTest" name="verify_login_with_invalid_credentials" time="1.274"/>
  <testcase classname="com.tutorialsninja.testcases.loginDDTest" name="verify_login_with_validsetof_crendentials" time="2.4"/>
  <testcase classname="com.tutorialsninja.testcases.loginDDTest" name="verify_login_with_validsetof_crendentials" time="2.295"/>
  <testcase classname="com.tutorialsninja.testcases.LoginTest" name="verify_login_with_valid_credencials" time="2.973"/>
  <testcase classname="com.tutorialsninja.testcases.LoginTest" name="verifyloggingintoapplicationusingkeyboardkeys" time="3.538"/>
  <testcase classname="com.tutorialsninja.testcases.LoginTest" name="verify_forgetpasswordlink_in_loginpage" time="1.804"/>
  <testcase classname="com.tutorialsninja.testcases.LoginTest" name="verify_password_is_not_visible_in_pagesource" time="0.423"/>
  <testcase classname="com.tutorialsninja.testcases.LoginTest" name="Verify_Logging_into_the_Application_closing_the_Browser_without_loggingout_and_opening_the_application_in_the_Browser_again" time="33.667"/>
</testsuite> <!-- Surefire test -->
