<?xml version="1.0" encoding="UTF-8"?>
<!-- Generated by org.testng.reporters.JUnitXMLReporter -->
<testsuite ignored="0" hostname="DESKTOP-V4U71TT" failures="0" tests="10" name="Surefire test" time="156.75" errors="0" timestamp="2023-08-11T07:50:33 IST">
  <testcase classname="com.tutorialsninja.testcases.loginDDTest" name="verify_login_with_invalid_credentials" time="3.57"/>
  <testcase classname="com.tutorialsninja.testcases.loginDDTest" name="verify_login_with_invalid_credentials" time="1.699"/>
  <testcase classname="com.tutorialsninja.testcases.loginDDTest" name="verify_login_with_invalid_credentials" time="0.968"/>
  <testcase classname="com.tutorialsninja.testcases.loginDDTest" name="verify_login_with_validsetof_crendentials" time="2.709"/>
  <testcase classname="com.tutorialsninja.testcases.loginDDTest" name="verify_login_with_validsetof_crendentials" time="2.226"/>
  <testcase classname="com.tutorialsninja.testcases.LoginTest" name="verify_login_with_valid_credencials" time="4.914"/>
  <testcase classname="com.tutorialsninja.testcases.LoginTest" name="verifyloggingintoapplicationusingkeyboardkeys" time="3.27"/>
  <testcase classname="com.tutorialsninja.testcases.LoginTest" name="verify_forgetpasswordlink_in_loginpage" time="0.478"/>
  <testcase classname="com.tutorialsninja.testcases.LoginTest" name="verify_password_is_not_visible_in_pagesource" time="0.516"/>
  <testcase classname="com.tutorialsninja.testcases.LoginTest" name="Verify_Logging_into_the_Application_closing_the_Browser_without_loggingout_and_opening_the_application_in_the_Browser_again" time="36.708"/>
</testsuite> <!-- Surefire test -->
