<?xml version="1.0" encoding="UTF-8"?>
<!-- Generated by org.testng.reporters.JUnitXMLReporter -->
<testsuite ignored="0" hostname="DESKTOP-V4U71TT" failures="0" tests="5" name="Default test" time="71.709" errors="0" timestamp="2023-07-11T15:14:48 IST">
  <testcase classname="com.tutorialsninja.testcases.loginDDTest" name="verify_login_with_invalid_credentials" time="3.211"/>
  <testcase classname="com.tutorialsninja.testcases.loginDDTest" name="verify_login_with_invalid_credentials" time="1.287"/>
  <testcase classname="com.tutorialsninja.testcases.loginDDTest" name="verify_login_with_invalid_credentials" time="1.055"/>
  <testcase classname="com.tutorialsninja.testcases.loginDDTest" name="verify_login_with_validsetof_crendentials" time="3.902"/>
  <testcase classname="com.tutorialsninja.testcases.loginDDTest" name="verify_login_with_validsetof_crendentials" time="4.343"/>
</testsuite> <!-- Default test -->
