<?xml version="1.0" encoding="UTF-8"?>
<testng-results ignored="0" total="10" passed="10" failed="0" skipped="0">
  <reporter-output>
  </reporter-output>
  <suite started-at="2023-08-11T07:47:55 IST" name="Surefire suite" finished-at="2023-08-11T07:50:32 IST" duration-ms="156750">
    <groups>
    </groups>
    <test started-at="2023-08-11T07:47:55 IST" name="Surefire test" finished-at="2023-08-11T07:50:32 IST" duration-ms="156750">
      <class name="com.tutorialsninja.testcases.LoginTest">
        <test-method is-config="true" signature="openbrowser_and_enter_url()[pri:0, instance:com.tutorialsninja.testcases.LoginTest@3ba9ad43]" started-at="2023-08-11T07:49:16 IST" name="openbrowser_and_enter_url" finished-at="2023-08-11T07:49:42 IST" duration-ms="25147" status="PASS">
          <reporter-output>
          </reporter-output>
        </test-method> <!-- openbrowser_and_enter_url -->
        <test-method is-config="true" signature="navigatetologin()[pri:0, instance:com.tutorialsninja.testcases.LoginTest@3ba9ad43]" started-at="2023-08-11T07:49:42 IST" name="navigatetologin" finished-at="2023-08-11T07:49:43 IST" duration-ms="1019" status="PASS">
          <reporter-output>
          </reporter-output>
        </test-method> <!-- navigatetologin -->
        <test-method signature="verify_login_with_valid_credencials()[pri:2, instance:com.tutorialsninja.testcases.LoginTest@3ba9ad43]" started-at="2023-08-11T07:49:43 IST" name="verify_login_with_valid_credencials" finished-at="2023-08-11T07:49:48 IST" duration-ms="4914" status="PASS">
          <reporter-output>
          </reporter-output>
        </test-method> <!-- verify_login_with_valid_credencials -->
        <test-method is-config="true" signature="navigatetologin()[pri:0, instance:com.tutorialsninja.testcases.LoginTest@3ba9ad43]" started-at="2023-08-11T07:49:48 IST" name="navigatetologin" finished-at="2023-08-11T07:49:48 IST" duration-ms="491" status="PASS">
          <reporter-output>
          </reporter-output>
        </test-method> <!-- navigatetologin -->
        <test-method signature="verifyloggingintoapplicationusingkeyboardkeys()[pri:3, instance:com.tutorialsninja.testcases.LoginTest@3ba9ad43]" started-at="2023-08-11T07:49:48 IST" name="verifyloggingintoapplicationusingkeyboardkeys" finished-at="2023-08-11T07:49:51 IST" duration-ms="3270" status="PASS">
          <reporter-output>
          </reporter-output>
        </test-method> <!-- verifyloggingintoapplicationusingkeyboardkeys -->
        <test-method is-config="true" signature="navigatetologin()[pri:0, instance:com.tutorialsninja.testcases.LoginTest@3ba9ad43]" started-at="2023-08-11T07:49:51 IST" name="navigatetologin" finished-at="2023-08-11T07:49:52 IST" duration-ms="488" status="PASS">
          <reporter-output>
          </reporter-output>
        </test-method> <!-- navigatetologin -->
        <test-method signature="verify_forgetpasswordlink_in_loginpage()[pri:4, instance:com.tutorialsninja.testcases.LoginTest@3ba9ad43]" started-at="2023-08-11T07:49:52 IST" name="verify_forgetpasswordlink_in_loginpage" finished-at="2023-08-11T07:49:52 IST" duration-ms="478" status="PASS">
          <reporter-output>
          </reporter-output>
        </test-method> <!-- verify_forgetpasswordlink_in_loginpage -->
        <test-method is-config="true" signature="navigatetologin()[pri:0, instance:com.tutorialsninja.testcases.LoginTest@3ba9ad43]" started-at="2023-08-11T07:49:52 IST" name="navigatetologin" finished-at="2023-08-11T07:49:53 IST" duration-ms="498" status="PASS">
          <reporter-output>
          </reporter-output>
        </test-method> <!-- navigatetologin -->
        <test-method signature="verify_password_is_not_visible_in_pagesource()[pri:8, instance:com.tutorialsninja.testcases.LoginTest@3ba9ad43]" started-at="2023-08-11T07:49:53 IST" name="verify_password_is_not_visible_in_pagesource" finished-at="2023-08-11T07:49:53 IST" duration-ms="516" status="PASS">
          <reporter-output>
          </reporter-output>
        </test-method> <!-- verify_password_is_not_visible_in_pagesource -->
        <test-method is-config="true" signature="navigatetologin()[pri:0, instance:com.tutorialsninja.testcases.LoginTest@3ba9ad43]" started-at="2023-08-11T07:49:53 IST" name="navigatetologin" finished-at="2023-08-11T07:49:54 IST" duration-ms="579" status="PASS">
          <reporter-output>
          </reporter-output>
        </test-method> <!-- navigatetologin -->
        <test-method signature="Verify_Logging_into_the_Application_closing_the_Browser_without_loggingout_and_opening_the_application_in_the_Browser_again()[pri:11, instance:com.tutorialsninja.testcases.LoginTest@3ba9ad43]" started-at="2023-08-11T07:49:54 IST" name="Verify_Logging_into_the_Application_closing_the_Browser_without_loggingout_and_opening_the_application_in_the_Browser_again" finished-at="2023-08-11T07:50:31 IST" duration-ms="36708" status="PASS">
          <reporter-output>
          </reporter-output>
        </test-method> <!-- Verify_Logging_into_the_Application_closing_the_Browser_without_loggingout_and_opening_the_application_in_the_Browser_again -->
        <test-method is-config="true" signature="close()[pri:0, instance:com.tutorialsninja.testcases.LoginTest@3ba9ad43]" started-at="2023-08-11T07:50:31 IST" name="close" finished-at="2023-08-11T07:50:32 IST" duration-ms="1496" status="PASS">
          <reporter-output>
          </reporter-output>
        </test-method> <!-- close -->
      </class> <!-- com.tutorialsninja.testcases.LoginTest -->
      <class name="com.tutorialsninja.testcases.loginDDTest">
        <test-method is-config="true" signature="openbrowser_and_enter_url()[pri:0, instance:com.tutorialsninja.testcases.loginDDTest@6ef888f6]" started-at="2023-08-11T07:47:55 IST" name="openbrowser_and_enter_url" finished-at="2023-08-11T07:48:48 IST" duration-ms="52806" status="PASS">
          <reporter-output>
          </reporter-output>
        </test-method> <!-- openbrowser_and_enter_url -->
        <test-method is-config="true" signature="navigatetologin()[pri:0, instance:com.tutorialsninja.testcases.loginDDTest@6ef888f6]" started-at="2023-08-11T07:48:58 IST" name="navigatetologin" finished-at="2023-08-11T07:49:03 IST" duration-ms="5244" status="PASS">
          <reporter-output>
          </reporter-output>
        </test-method> <!-- navigatetologin -->
        <test-method signature="verify_login_with_invalid_credentials(java.lang.String,java.lang.String)[pri:1, instance:com.tutorialsninja.testcases.loginDDTest@6ef888f6]" started-at="2023-08-11T07:49:03 IST" name="verify_login_with_invalid_credentials" data-provider="invalidcrendencialsupplier" finished-at="2023-08-11T07:49:06 IST" duration-ms="3570" status="PASS">
          <params>
            <param index="0">
              <value>
                <![CDATA[swapnaprlapu02081993@gmail.com]]>
              </value>
            </param>
            <param index="1">
              <value>
                <![CDATA[snehith1@]]>
              </value>
            </param>
          </params>
          <reporter-output>
          </reporter-output>
        </test-method> <!-- verify_login_with_invalid_credentials -->
        <test-method is-config="true" signature="navigatetologin()[pri:0, instance:com.tutorialsninja.testcases.loginDDTest@6ef888f6]" started-at="2023-08-11T07:49:06 IST" name="navigatetologin" finished-at="2023-08-11T07:49:07 IST" duration-ms="604" status="PASS">
          <reporter-output>
          </reporter-output>
        </test-method> <!-- navigatetologin -->
        <test-method signature="verify_login_with_invalid_credentials(java.lang.String,java.lang.String)[pri:1, instance:com.tutorialsninja.testcases.loginDDTest@6ef888f6]" started-at="2023-08-11T07:49:07 IST" name="verify_login_with_invalid_credentials" data-provider="invalidcrendencialsupplier" finished-at="2023-08-11T07:49:09 IST" duration-ms="1699" status="PASS">
          <params>
            <param index="0">
              <value>
                <![CDATA[swpna@gmail.com]]>
              </value>
            </param>
            <param index="1">
              <value>
                <![CDATA[1234]]>
              </value>
            </param>
          </params>
          <reporter-output>
          </reporter-output>
        </test-method> <!-- verify_login_with_invalid_credentials -->
        <test-method is-config="true" signature="navigatetologin()[pri:0, instance:com.tutorialsninja.testcases.loginDDTest@6ef888f6]" started-at="2023-08-11T07:49:09 IST" name="navigatetologin" finished-at="2023-08-11T07:49:09 IST" duration-ms="490" status="PASS">
          <reporter-output>
          </reporter-output>
        </test-method> <!-- navigatetologin -->
        <test-method signature="verify_login_with_invalid_credentials(java.lang.String,java.lang.String)[pri:1, instance:com.tutorialsninja.testcases.loginDDTest@6ef888f6]" started-at="2023-08-11T07:49:09 IST" name="verify_login_with_invalid_credentials" data-provider="invalidcrendencialsupplier" finished-at="2023-08-11T07:49:10 IST" duration-ms="968" status="PASS">
          <params>
            <param index="0">
              <value>
                <![CDATA[sa@gmail.com]]>
              </value>
            </param>
            <param index="1">
              <value>
                <![CDATA[snehith1@]]>
              </value>
            </param>
          </params>
          <reporter-output>
          </reporter-output>
        </test-method> <!-- verify_login_with_invalid_credentials -->
        <test-method is-config="true" signature="navigatetologin()[pri:0, instance:com.tutorialsninja.testcases.loginDDTest@6ef888f6]" started-at="2023-08-11T07:49:10 IST" name="navigatetologin" finished-at="2023-08-11T07:49:11 IST" duration-ms="522" status="PASS">
          <reporter-output>
          </reporter-output>
        </test-method> <!-- navigatetologin -->
        <test-method signature="verify_login_with_validsetof_crendentials(java.lang.String,java.lang.String)[pri:2, instance:com.tutorialsninja.testcases.loginDDTest@6ef888f6]" started-at="2023-08-11T07:49:11 IST" name="verify_login_with_validsetof_crendentials" data-provider="validcrendentialsupplier" finished-at="2023-08-11T07:49:14 IST" duration-ms="2709" status="PASS">
          <params>
            <param index="0">
              <value>
                <![CDATA[swa@gmail.com]]>
              </value>
            </param>
            <param index="1">
              <value>
                <![CDATA[12345]]>
              </value>
            </param>
          </params>
          <reporter-output>
          </reporter-output>
        </test-method> <!-- verify_login_with_validsetof_crendentials -->
        <test-method is-config="true" signature="navigatetologin()[pri:0, instance:com.tutorialsninja.testcases.loginDDTest@6ef888f6]" started-at="2023-08-11T07:49:14 IST" name="navigatetologin" finished-at="2023-08-11T07:49:14 IST" duration-ms="521" status="PASS">
          <reporter-output>
          </reporter-output>
        </test-method> <!-- navigatetologin -->
        <test-method signature="verify_login_with_validsetof_crendentials(java.lang.String,java.lang.String)[pri:2, instance:com.tutorialsninja.testcases.loginDDTest@6ef888f6]" started-at="2023-08-11T07:49:14 IST" name="verify_login_with_validsetof_crendentials" data-provider="validcrendentialsupplier" finished-at="2023-08-11T07:49:16 IST" duration-ms="2226" status="PASS">
          <params>
            <param index="0">
              <value>
                <![CDATA[pna@gmail.com]]>
              </value>
            </param>
            <param index="1">
              <value>
                <![CDATA[12345]]>
              </value>
            </param>
          </params>
          <reporter-output>
          </reporter-output>
        </test-method> <!-- verify_login_with_validsetof_crendentials -->
      </class> <!-- com.tutorialsninja.testcases.loginDDTest -->
    </test> <!-- Surefire test -->
  </suite> <!-- Surefire suite -->
</testng-results>
