<?xml version="1.0" encoding="UTF-8"?>
<!-- Generated by org.testng.reporters.JUnitXMLReporter -->
<testsuite ignored="0" hostname="DESKTOP-V4U71TT" failures="0" tests="5" name="Test" time="92.801" errors="0" timestamp="2023-07-24T18:21:27 IST">
  <testcase classname="com.tutorialsninja.testcases.LoginTest" name="verify_login_with_valid_credencials" time="3.552"/>
  <testcase classname="com.tutorialsninja.testcases.LoginTest" name="verifyloggingintoapplicationusingkeyboardkeys" time="3.125"/>
  <testcase classname="com.tutorialsninja.testcases.LoginTest" name="verify_forgetpasswordlink_in_loginpage" time="0.502"/>
  <testcase classname="com.tutorialsninja.testcases.LoginTest" name="verify_password_is_not_visible_in_pagesource" time="2.431"/>
  <testcase classname="com.tutorialsninja.testcases.LoginTest" name="Verify_Logging_into_the_Application_closing_the_Browser_without_loggingout_and_opening_the_application_in_the_Browser_again" time="16.864"/>
</testsuite> <!-- Test -->
