<?xml version="1.0" encoding="UTF-8"?>
<testng-results ignored="0" total="5" passed="5" failed="0" skipped="0">
  <reporter-output>
  </reporter-output>
  <suite started-at="2023-07-11T15:13:32 IST" name="Default suite" finished-at="2023-07-11T15:14:43 IST" duration-ms="71709">
    <groups>
    </groups>
    <test started-at="2023-07-11T15:13:32 IST" name="Default test" finished-at="2023-07-11T15:14:43 IST" duration-ms="71709">
      <class name="com.tutorialsninja.testcases.loginDDTest">
        <test-method is-config="true" signature="openbrowser_and_enter_url()[pri:0, instance:com.tutorialsninja.testcases.loginDDTest@2d7275fc]" started-at="2023-07-11T15:13:32 IST" name="openbrowser_and_enter_url" finished-at="2023-07-11T15:14:18 IST" duration-ms="46391" status="PASS">
          <reporter-output>
          </reporter-output>
        </test-method> <!-- openbrowser_and_enter_url -->
        <test-method is-config="true" signature="navigatetologin()[pri:0, instance:com.tutorialsninja.testcases.loginDDTest@2d7275fc]" started-at="2023-07-11T15:14:20 IST" name="navigatetologin" finished-at="2023-07-11T15:14:26 IST" duration-ms="6064" status="PASS">
          <reporter-output>
          </reporter-output>
        </test-method> <!-- navigatetologin -->
        <test-method signature="verify_login_with_invalid_credentials(java.lang.String,java.lang.String)[pri:1, instance:com.tutorialsninja.testcases.loginDDTest@2d7275fc]" started-at="2023-07-11T15:14:26 IST" name="verify_login_with_invalid_credentials" data-provider="invalidcrendencialsupplier" finished-at="2023-07-11T15:14:29 IST" duration-ms="3211" status="PASS">
          <params>
            <param index="0">
              <value>
                <![CDATA[swapnaprlapu02081993@gmail.com]]>
              </value>
            </param>
            <param index="1">
              <value>
                <![CDATA[snehith1@]]>
              </value>
            </param>
          </params>
          <reporter-output>
          </reporter-output>
        </test-method> <!-- verify_login_with_invalid_credentials -->
        <test-method is-config="true" signature="navigatetologin()[pri:0, instance:com.tutorialsninja.testcases.loginDDTest@2d7275fc]" started-at="2023-07-11T15:14:29 IST" name="navigatetologin" finished-at="2023-07-11T15:14:30 IST" duration-ms="853" status="PASS">
          <reporter-output>
          </reporter-output>
        </test-method> <!-- navigatetologin -->
        <test-method signature="verify_login_with_invalid_credentials(java.lang.String,java.lang.String)[pri:1, instance:com.tutorialsninja.testcases.loginDDTest@2d7275fc]" started-at="2023-07-11T15:14:30 IST" name="verify_login_with_invalid_credentials" data-provider="invalidcrendencialsupplier" finished-at="2023-07-11T15:14:31 IST" duration-ms="1287" status="PASS">
          <params>
            <param index="0">
              <value>
                <![CDATA[swpna@gmail.com]]>
              </value>
            </param>
            <param index="1">
              <value>
                <![CDATA[1234]]>
              </value>
            </param>
          </params>
          <reporter-output>
          </reporter-output>
        </test-method> <!-- verify_login_with_invalid_credentials -->
        <test-method is-config="true" signature="navigatetologin()[pri:0, instance:com.tutorialsninja.testcases.loginDDTest@2d7275fc]" started-at="2023-07-11T15:14:31 IST" name="navigatetologin" finished-at="2023-07-11T15:14:32 IST" duration-ms="685" status="PASS">
          <reporter-output>
          </reporter-output>
        </test-method> <!-- navigatetologin -->
        <test-method signature="verify_login_with_invalid_credentials(java.lang.String,java.lang.String)[pri:1, instance:com.tutorialsninja.testcases.loginDDTest@2d7275fc]" started-at="2023-07-11T15:14:32 IST" name="verify_login_with_invalid_credentials" data-provider="invalidcrendencialsupplier" finished-at="2023-07-11T15:14:33 IST" duration-ms="1055" status="PASS">
          <params>
            <param index="0">
              <value>
                <![CDATA[sa@gmail.com]]>
              </value>
            </param>
            <param index="1">
              <value>
                <![CDATA[snehith1@]]>
              </value>
            </param>
          </params>
          <reporter-output>
          </reporter-output>
        </test-method> <!-- verify_login_with_invalid_credentials -->
        <test-method is-config="true" signature="navigatetologin()[pri:0, instance:com.tutorialsninja.testcases.loginDDTest@2d7275fc]" started-at="2023-07-11T15:14:33 IST" name="navigatetologin" finished-at="2023-07-11T15:14:34 IST" duration-ms="889" status="PASS">
          <reporter-output>
          </reporter-output>
        </test-method> <!-- navigatetologin -->
        <test-method signature="verify_login_with_validsetof_crendentials(java.lang.String,java.lang.String)[pri:2, instance:com.tutorialsninja.testcases.loginDDTest@2d7275fc]" started-at="2023-07-11T15:14:34 IST" name="verify_login_with_validsetof_crendentials" data-provider="validcrendentialsupplier" finished-at="2023-07-11T15:14:38 IST" duration-ms="3902" status="PASS">
          <params>
            <param index="0">
              <value>
                <![CDATA[swa@gmail.com]]>
              </value>
            </param>
            <param index="1">
              <value>
                <![CDATA[12345]]>
              </value>
            </param>
          </params>
          <reporter-output>
          </reporter-output>
        </test-method> <!-- verify_login_with_validsetof_crendentials -->
        <test-method is-config="true" signature="navigatetologin()[pri:0, instance:com.tutorialsninja.testcases.loginDDTest@2d7275fc]" started-at="2023-07-11T15:14:38 IST" name="navigatetologin" finished-at="2023-07-11T15:14:39 IST" duration-ms="951" status="PASS">
          <reporter-output>
          </reporter-output>
        </test-method> <!-- navigatetologin -->
        <test-method signature="verify_login_with_validsetof_crendentials(java.lang.String,java.lang.String)[pri:2, instance:com.tutorialsninja.testcases.loginDDTest@2d7275fc]" started-at="2023-07-11T15:14:39 IST" name="verify_login_with_validsetof_crendentials" data-provider="validcrendentialsupplier" finished-at="2023-07-11T15:14:43 IST" duration-ms="4343" status="PASS">
          <params>
            <param index="0">
              <value>
                <![CDATA[pna@gmail.com]]>
              </value>
            </param>
            <param index="1">
              <value>
                <![CDATA[12345]]>
              </value>
            </param>
          </params>
          <reporter-output>
          </reporter-output>
        </test-method> <!-- verify_login_with_validsetof_crendentials -->
      </class> <!-- com.tutorialsninja.testcases.loginDDTest -->
    </test> <!-- Default test -->
  </suite> <!-- Default suite -->
</testng-results>
