<?xml version="1.0" encoding="UTF-8"?>
<testng-results ignored="0" total="5" passed="5" failed="0" skipped="0">
  <reporter-output>
  </reporter-output>
  <suite started-at="2023-07-24T18:19:53 IST" name="TUTORIALSNINJA" finished-at="2023-07-24T18:21:26 IST" duration-ms="92801">
    <groups>
    </groups>
    <test started-at="2023-07-24T18:19:53 IST" name="Test" finished-at="2023-07-24T18:21:26 IST" duration-ms="92801">
      <class name="com.tutorialsninja.testcases.LoginTest">
        <test-method is-config="true" signature="openbrowser_and_enter_url()[pri:0, instance:com.tutorialsninja.testcases.LoginTest@35cabb2a]" started-at="2023-07-24T18:19:55 IST" name="openbrowser_and_enter_url" finished-at="2023-07-24T18:20:56 IST" duration-ms="60475" status="PASS">
          <reporter-output>
          </reporter-output>
        </test-method> <!-- openbrowser_and_enter_url -->
        <test-method is-config="true" signature="navigatetologin()[pri:0, instance:com.tutorialsninja.testcases.LoginTest@35cabb2a]" started-at="2023-07-24T18:20:56 IST" name="navigatetologin" finished-at="2023-07-24T18:20:57 IST" duration-ms="969" status="PASS">
          <reporter-output>
          </reporter-output>
        </test-method> <!-- navigatetologin -->
        <test-method signature="verify_login_with_valid_credencials()[pri:2, instance:com.tutorialsninja.testcases.LoginTest@35cabb2a]" started-at="2023-07-24T18:20:57 IST" name="verify_login_with_valid_credencials" finished-at="2023-07-24T18:21:00 IST" duration-ms="3552" status="PASS">
          <reporter-output>
          </reporter-output>
        </test-method> <!-- verify_login_with_valid_credencials -->
        <test-method is-config="true" signature="navigatetologin()[pri:0, instance:com.tutorialsninja.testcases.LoginTest@35cabb2a]" started-at="2023-07-24T18:21:00 IST" name="navigatetologin" finished-at="2023-07-24T18:21:01 IST" duration-ms="659" status="PASS">
          <reporter-output>
          </reporter-output>
        </test-method> <!-- navigatetologin -->
        <test-method signature="verifyloggingintoapplicationusingkeyboardkeys()[pri:3, instance:com.tutorialsninja.testcases.LoginTest@35cabb2a]" started-at="2023-07-24T18:21:01 IST" name="verifyloggingintoapplicationusingkeyboardkeys" finished-at="2023-07-24T18:21:04 IST" duration-ms="3125" status="PASS">
          <reporter-output>
          </reporter-output>
        </test-method> <!-- verifyloggingintoapplicationusingkeyboardkeys -->
        <test-method is-config="true" signature="navigatetologin()[pri:0, instance:com.tutorialsninja.testcases.LoginTest@35cabb2a]" started-at="2023-07-24T18:21:04 IST" name="navigatetologin" finished-at="2023-07-24T18:21:05 IST" duration-ms="672" status="PASS">
          <reporter-output>
          </reporter-output>
        </test-method> <!-- navigatetologin -->
        <test-method signature="verify_forgetpasswordlink_in_loginpage()[pri:4, instance:com.tutorialsninja.testcases.LoginTest@35cabb2a]" started-at="2023-07-24T18:21:05 IST" name="verify_forgetpasswordlink_in_loginpage" finished-at="2023-07-24T18:21:05 IST" duration-ms="502" status="PASS">
          <reporter-output>
          </reporter-output>
        </test-method> <!-- verify_forgetpasswordlink_in_loginpage -->
        <test-method is-config="true" signature="navigatetologin()[pri:0, instance:com.tutorialsninja.testcases.LoginTest@35cabb2a]" started-at="2023-07-24T18:21:05 IST" name="navigatetologin" finished-at="2023-07-24T18:21:06 IST" duration-ms="560" status="PASS">
          <reporter-output>
          </reporter-output>
        </test-method> <!-- navigatetologin -->
        <test-method signature="verify_password_is_not_visible_in_pagesource()[pri:8, instance:com.tutorialsninja.testcases.LoginTest@35cabb2a]" started-at="2023-07-24T18:21:06 IST" name="verify_password_is_not_visible_in_pagesource" finished-at="2023-07-24T18:21:08 IST" duration-ms="2431" status="PASS">
          <reporter-output>
          </reporter-output>
        </test-method> <!-- verify_password_is_not_visible_in_pagesource -->
        <test-method is-config="true" signature="navigatetologin()[pri:0, instance:com.tutorialsninja.testcases.LoginTest@35cabb2a]" started-at="2023-07-24T18:21:08 IST" name="navigatetologin" finished-at="2023-07-24T18:21:09 IST" duration-ms="709" status="PASS">
          <reporter-output>
          </reporter-output>
        </test-method> <!-- navigatetologin -->
        <test-method signature="Verify_Logging_into_the_Application_closing_the_Browser_without_loggingout_and_opening_the_application_in_the_Browser_again()[pri:11, instance:com.tutorialsninja.testcases.LoginTest@35cabb2a]" started-at="2023-07-24T18:21:09 IST" name="Verify_Logging_into_the_Application_closing_the_Browser_without_loggingout_and_opening_the_application_in_the_Browser_again" finished-at="2023-07-24T18:21:26 IST" duration-ms="16864" status="PASS">
          <reporter-output>
          </reporter-output>
        </test-method> <!-- Verify_Logging_into_the_Application_closing_the_Browser_without_loggingout_and_opening_the_application_in_the_Browser_again -->
        <test-method is-config="true" signature="close()[pri:0, instance:com.tutorialsninja.testcases.LoginTest@35cabb2a]" started-at="2023-07-24T18:21:26 IST" name="close" finished-at="2023-07-24T18:21:26 IST" duration-ms="496" status="PASS">
          <reporter-output>
          </reporter-output>
        </test-method> <!-- close -->
      </class> <!-- com.tutorialsninja.testcases.LoginTest -->
    </test> <!-- Test -->
  </suite> <!-- TUTORIALSNINJA -->
</testng-results>
